<?xml version="1.0" encoding="UTF-8"?>
<!-- Generated by org.testng.reporters.JUnitReportReporter -->
<testsuite skipped="0" hostname="edu13-PC" name="automation.login.LoginTest" tests="1" failures="0" timestamp="22 Jun 2018 07:18:27 GMT" time="0.000" errors="0">
  <testcase name="f" time="0.000" classname="automation.login.LoginTest"/>
</testsuite> <!-- automation.login.LoginTest -->
